Welcome to Xilinx CORE Generator.
Help system initialized.
The IP Catalog has been reloaded.
Wrote CGP file for project 'coregen'.
Customize and GenerateINFO:sim:172 - Generating IP...
Applying current project options...
Finished applying current project options.
Resolving generics for 'scanline_mem'...
Applying external generics to 'scanline_mem'...
Delivering associated files for 'scanline_mem'...
Delivering EJava files for 'scanline_mem'...
Generating implementation netlist for 'scanline_mem'...
INFO:sim - Pre-processing HDL files for 'scanline_mem'...
Running synthesis for 'scanline_mem'
Running ngcbuild...
Writing VEO instantiation template for 'scanline_mem'...
Writing Verilog behavioral simulation model for 'scanline_mem'...
WARNING:sim - Overwriting existing file
   /home/jheckey/ece253/vga/tmp/_cg/scanline_mem/doc/blk_mem_gen_v7_3_vinfo.html
   with file from view xilinx_documentation
Delivered 1 file into directory /home/jheckey/ece253/vga/tmp/_cg/scanline_mem
Generating ASY schematic symbol...
INFO:sim:949 - Finished generation of ASY schematic symbol.
Generating metadata file...
Generating ISE project file for 'scanline_mem'...
Generating ISE project...
XCO file found: scanline_mem.xco
XMDF file found: scanline_mem_xmdf.tcl
Adding /home/jheckey/ece253/vga/tmp/_cg/scanline_mem.asy -view all -origin_type
imported
Adding /home/jheckey/ece253/vga/tmp/_cg/scanline_mem.ngc -view all -origin_type
created
Checking file "/home/jheckey/ece253/vga/tmp/_cg/scanline_mem.ngc" for project
device match ...
File "/home/jheckey/ece253/vga/tmp/_cg/scanline_mem.ngc" device information
matches project device.
Adding /home/jheckey/ece253/vga/tmp/_cg/scanline_mem.v -view all -origin_type
created
INFO:HDLCompiler:1845 - Analyzing Verilog file
   "/home/jheckey/ece253/vga/tmp/_cg/scanline_mem.v" into library work
INFO:ProjectMgmt - Parsing design hierarchy completed successfully.
Adding /home/jheckey/ece253/vga/tmp/_cg/scanline_mem.veo -view all -origin_type
imported
INFO:TclTasksC:2116 - The automatic calculation of top has been turned-off.
   Please set the new top explicitly by running the "project set top" command.
   To re-calculate the new top automatically, set the "Auto Implementation Top"
   property to true.
Top level has been set to "/scanline_mem"
Generating README file...
Generating FLIST file...
INFO:sim:948 - Finished FLIST file generation.
Launching README viewer...
Moving files to output directory...
Finished moving files to output directory
Saved CGP file for project 'coregen'.
Closed project file.
