Release 14.3 - xst P.40xd (lin64)
Copyright (c) 1995-2012 Xilinx, Inc.  All rights reserved.
--> 
Parameter TMPDIR set to xst/projnav.tmp


Total REAL time to Xst completion: 0.00 secs
Total CPU time to Xst completion: 0.03 secs
 
--> 
Parameter xsthdpdir set to xst


Total REAL time to Xst completion: 0.00 secs
Total CPU time to Xst completion: 0.03 secs
 
--> 
Reading design: vga.prj

TABLE OF CONTENTS
  1) Synthesis Options Summary
  2) HDL Compilation
  3) Design Hierarchy Analysis
  4) HDL Analysis
  5) HDL Synthesis
     5.1) HDL Synthesis Report
  6) Advanced HDL Synthesis
     6.1) Advanced HDL Synthesis Report
  7) Low Level Synthesis
  8) Partition Report
  9) Final Report
	9.1) Device utilization summary
	9.2) Partition Resource Summary
	9.3) TIMING REPORT


=========================================================================
*                      Synthesis Options Summary                        *
=========================================================================
---- Source Parameters
Input File Name                    : "vga.prj"
Input Format                       : mixed
Ignore Synthesis Constraint File   : NO

---- Target Parameters
Output File Name                   : "vga"
Output Format                      : NGC
Target Device                      : xc3s500e-4-fg320

---- Source Options
Top Module Name                    : vga
Automatic FSM Extraction           : YES
FSM Encoding Algorithm             : Auto
Safe Implementation                : No
FSM Style                          : LUT
RAM Extraction                     : Yes
RAM Style                          : Auto
ROM Extraction                     : Yes
Mux Style                          : Auto
Decoder Extraction                 : YES
Priority Encoder Extraction        : Yes
Shift Register Extraction          : YES
Logical Shifter Extraction         : YES
XOR Collapsing                     : YES
ROM Style                          : Auto
Mux Extraction                     : Yes
Resource Sharing                   : YES
Asynchronous To Synchronous        : NO
Multiplier Style                   : Auto
Automatic Register Balancing       : No

---- Target Options
Add IO Buffers                     : YES
Global Maximum Fanout              : 100000
Add Generic Clock Buffer(BUFG)     : 24
Register Duplication               : YES
Slice Packing                      : YES
Optimize Instantiated Primitives   : NO
Use Clock Enable                   : Yes
Use Synchronous Set                : Yes
Use Synchronous Reset              : Yes
Pack IO Registers into IOBs        : Auto
Equivalent register Removal        : YES

---- General Options
Optimization Goal                  : Speed
Optimization Effort                : 1
Keep Hierarchy                     : No
Netlist Hierarchy                  : As_Optimized
RTL Output                         : Yes
Global Optimization                : AllClockNets
Read Cores                         : YES
Write Timing Constraints           : NO
Cross Clock Analysis               : NO
Hierarchy Separator                : /
Bus Delimiter                      : <>
Case Specifier                     : Maintain
Slice Utilization Ratio            : 100
BRAM Utilization Ratio             : 100
Verilog 2001                       : YES
Auto BRAM Packing                  : NO
Slice Utilization Ratio Delta      : 5

=========================================================================


=========================================================================
*                          HDL Compilation                              *
=========================================================================
Compiling verilog file "vga.v" in library work
Module <vga> compiled
No errors in compilation
Analysis of file <"vga.prj"> succeeded.
 

=========================================================================
*                     Design Hierarchy Analysis                         *
=========================================================================
Analyzing hierarchy for module <vga> in library <work>.


=========================================================================
*                            HDL Analysis                               *
=========================================================================
Analyzing top module <vga>.
Module <vga> is correct for synthesis.
 

=========================================================================
*                           HDL Synthesis                               *
=========================================================================

Performing bidirectional port resolution...

Synthesizing Unit <vga>.
    Related source file is "vga.v".
    Found 1-bit register for signal <vga_B>.
    Found 1-bit register for signal <vga_G>.
    Found 1-bit register for signal <vga_HS>.
    Found 1-bit register for signal <vga_R>.
    Found 1-bit register for signal <vga_VS>.
    Found 11-bit register for signal <cnt_X>.
    Found 11-bit adder for signal <cnt_X_n$addsub0000> created at line 76.
    Found 11-bit comparator less for signal <cnt_X_n$cmp_lt0000> created at line 75.
    Found 10-bit register for signal <cnt_Y>.
    Found 10-bit adder for signal <cnt_Y_n$addsub0000> created at line 81.
    Found 10-bit comparator less for signal <cnt_Y_n$cmp_lt0000> created at line 81.
    Found 11-bit comparator less for signal <vga_HS_n$cmp_lt0000> created at line 71.
    Found 11-bit comparator greatequal for signal <vga_R_n$cmp_ge0000> created at line 85.
    Found 10-bit comparator greatequal for signal <vga_R_n$cmp_ge0001> created at line 85.
    Found 11-bit comparator less for signal <vga_R_n$cmp_lt0000> created at line 85.
    Found 10-bit comparator less for signal <vga_R_n$cmp_lt0001> created at line 85.
    Found 1-bit xor2 for signal <vga_R_n$xor0000> created at line 88.
    Found 10-bit comparator less for signal <vga_VS_n$cmp_lt0000> created at line 72.
    Summary:
	inferred  26 D-type flip-flop(s).
	inferred   2 Adder/Subtractor(s).
	inferred   8 Comparator(s).
Unit <vga> synthesized.


=========================================================================
HDL Synthesis Report

Macro Statistics
# Adders/Subtractors                                   : 2
 10-bit adder                                          : 1
 11-bit adder                                          : 1
# Registers                                            : 7
 1-bit register                                        : 5
 10-bit register                                       : 1
 11-bit register                                       : 1
# Comparators                                          : 8
 10-bit comparator greatequal                          : 1
 10-bit comparator less                                : 3
 11-bit comparator greatequal                          : 1
 11-bit comparator less                                : 3
# Xors                                                 : 1
 1-bit xor2                                            : 1

=========================================================================

=========================================================================
*                       Advanced HDL Synthesis                          *
=========================================================================


=========================================================================
Advanced HDL Synthesis Report

Macro Statistics
# Adders/Subtractors                                   : 2
 10-bit adder                                          : 1
 11-bit adder                                          : 1
# Registers                                            : 26
 Flip-Flops                                            : 26
# Comparators                                          : 8
 10-bit comparator greatequal                          : 1
 10-bit comparator less                                : 3
 11-bit comparator greatequal                          : 1
 11-bit comparator less                                : 3
# Xors                                                 : 1
 1-bit xor2                                            : 1

=========================================================================

=========================================================================
*                         Low Level Synthesis                           *
=========================================================================
INFO:Xst:2261 - The FF/Latch <vga_R> in Unit <vga> is equivalent to the following 2 FFs/Latches, which will be removed : <vga_G> <vga_B> 

Optimizing unit <vga> ...

Mapping all equations...
Building and optimizing final netlist ...
Found area constraint ratio of 100 (+ 5) on block vga, actual ratio is 0.

Final Macro Processing ...

=========================================================================
Final Register Report

Macro Statistics
# Registers                                            : 24
 Flip-Flops                                            : 24

=========================================================================

=========================================================================
*                           Partition Report                            *
=========================================================================

Partition Implementation Status
-------------------------------

  No Partitions were found in this design.

-------------------------------

=========================================================================
*                            Final Report                               *
=========================================================================
Final Results
RTL Top Level Output File Name     : vga.ngr
Top Level Output File Name         : vga
Output Format                      : NGC
Optimization Goal                  : Speed
Keep Hierarchy                     : No

Design Statistics
# IOs                              : 7

Cell Usage :
# BELS                             : 117
#      GND                         : 1
#      INV                         : 3
#      LUT1                        : 20
#      LUT2                        : 13
#      LUT2_D                      : 1
#      LUT2_L                      : 1
#      LUT3                        : 8
#      LUT3_L                      : 1
#      LUT4                        : 18
#      LUT4_D                      : 2
#      LUT4_L                      : 3
#      MUXCY                       : 24
#      VCC                         : 1
#      XORCY                       : 21
# FlipFlops/Latches                : 24
#      FDC                         : 24
# Clock Buffers                    : 1
#      BUFGP                       : 1
# IO Buffers                       : 6
#      IBUF                        : 1
#      OBUF                        : 5
=========================================================================

Device utilization summary:
---------------------------

Selected Device : 3s500efg320-4 

 Number of Slices:                       39  out of   4656     0%  
 Number of Slice Flip Flops:             24  out of   9312     0%  
 Number of 4 input LUTs:                 70  out of   9312     0%  
 Number of IOs:                           7
 Number of bonded IOBs:                   7  out of    232     3%  
 Number of GCLKs:                         1  out of     24     4%  

---------------------------
Partition Resource Summary:
---------------------------

  No Partitions were found in this design.

---------------------------


=========================================================================
TIMING REPORT

NOTE: THESE TIMING NUMBERS ARE ONLY A SYNTHESIS ESTIMATE.
      FOR ACCURATE TIMING INFORMATION PLEASE REFER TO THE TRACE REPORT
      GENERATED AFTER PLACE-and-ROUTE.

Clock Information:
------------------
-----------------------------------+------------------------+-------+
Clock Signal                       | Clock buffer(FF name)  | Load  |
-----------------------------------+------------------------+-------+
clk                                | BUFGP                  | 24    |
-----------------------------------+------------------------+-------+

Asynchronous Control Signals Information:
----------------------------------------
-----------------------------------+------------------------+-------+
Control Signal                     | Buffer(FF name)        | Load  |
-----------------------------------+------------------------+-------+
rst                                | IBUF                   | 24    |
-----------------------------------+------------------------+-------+

Timing Summary:
---------------
Speed Grade: -4

   Minimum period: 5.942ns (Maximum Frequency: 168.294MHz)
   Minimum input arrival time before clock: No path found
   Maximum output required time after clock: 4.394ns
   Maximum combinational path delay: No path found

Timing Detail:
--------------
All values displayed in nanoseconds (ns)

=========================================================================
Timing constraint: Default period analysis for Clock 'clk'
  Clock period: 5.942ns (frequency: 168.294MHz)
  Total number of paths / destination ports: 437 / 24
-------------------------------------------------------------------------
Delay:               5.942ns (Levels of Logic = 4)
  Source:            cnt_Y_8 (FF)
  Destination:       cnt_Y_0 (FF)
  Source Clock:      clk rising
  Destination Clock: clk rising

  Data Path: cnt_Y_8 to cnt_Y_0
                                Gate     Net
    Cell:in->out      fanout   Delay   Delay  Logical Name (Net Name)
    ----------------------------------------  ------------
     FDC:C->Q              6   0.591   0.844  cnt_Y_8 (cnt_Y_8)
     LUT2_L:I0->LO         1   0.704   0.104  cnt_Y_n<0>128 (cnt_Y_n<0>128)
     LUT4:I3->O            1   0.704   0.455  cnt_Y_n<0>133 (cnt_Y_n<0>133)
     LUT4_D:I2->O          9   0.704   0.824  cnt_Y_n<0>172 (N01)
     LUT4:I3->O            1   0.704   0.000  cnt_Y_n<9>1 (cnt_Y_n<9>)
     FDC:D                     0.308          cnt_Y_9
    ----------------------------------------
    Total                      5.942ns (3.715ns logic, 2.227ns route)
                                       (62.5% logic, 37.5% route)

=========================================================================
Timing constraint: Default OFFSET OUT AFTER for Clock 'clk'
  Total number of paths / destination ports: 5 / 5
-------------------------------------------------------------------------
Offset:              4.394ns (Levels of Logic = 1)
  Source:            vga_R (FF)
  Destination:       vga_B (PAD)
  Source Clock:      clk rising

  Data Path: vga_R to vga_B
                                Gate     Net
    Cell:in->out      fanout   Delay   Delay  Logical Name (Net Name)
    ----------------------------------------  ------------
     FDC:C->Q              3   0.591   0.531  vga_R (vga_B_OBUF)
     OBUF:I->O                 3.272          vga_B_OBUF (vga_B)
    ----------------------------------------
    Total                      4.394ns (3.863ns logic, 0.531ns route)
                                       (87.9% logic, 12.1% route)

=========================================================================


Total REAL time to Xst completion: 4.00 secs
Total CPU time to Xst completion: 3.59 secs
 
--> 


Total memory usage is 510804 kilobytes

Number of errors   :    0 (   0 filtered)
Number of warnings :    0 (   0 filtered)
Number of infos    :    1 (   0 filtered)

