Release 14.3 Xflow P.40xd (lin64)
Copyright (c) 1995-2012 Xilinx, Inc.  All rights reserved.
xflow -wd implementation -p xc3s500efg320-4 -implement xflow.opt system.ngc  
PMSPEC -- Overriding Xilinx file
</opt/Xilinx/14.3/ISE_DS/EDK/spartan3/data/spartan3.acd> with local file
</opt/Xilinx/14.3/ISE_DS/ISE/spartan3/data/spartan3.acd>

Using Flow File:
/home/jheckey/Dropbox/homework/ece253/spartan_tetris/tetris_cpu/implementation/f
pga.flw 
Using Option File(s): 
 /home/jheckey/Dropbox/homework/ece253/spartan_tetris/tetris_cpu/implementation/
xflow.opt 

Creating Script File ... 

#----------------------------------------------#
# Starting program ngdbuild
# ngdbuild -p xc3s500efg320-4 -nt timestamp -bm system.bmm
"/home/jheckey/Dropbox/homework/ece253/spartan_tetris/tetris_cpu/implementation/
system.ngc" -uc system.ucf system.ngd 
#----------------------------------------------#
Release 14.3 - ngdbuild P.40xd (lin64)
Copyright (c) 1995-2012 Xilinx, Inc.  All rights reserved.
PMSPEC -- Overriding Xilinx file
</opt/Xilinx/14.3/ISE_DS/EDK/spartan3/data/spartan3.acd> with local file
</opt/Xilinx/14.3/ISE_DS/ISE/spartan3/data/spartan3.acd>

Command Line: /opt/Xilinx/14.3/ISE_DS/ISE/bin/lin64/unwrapped/ngdbuild -p
xc3s500efg320-4 -nt timestamp -bm system.bmm
/home/jheckey/Dropbox/homework/ece253/spartan_tetris/tetris_cpu/implementation/s
ystem.ngc -uc system.ucf system.ngd

Reading NGO file
"/home/jheckey/Dropbox/homework/ece253/spartan_tetris/tetris_cpu/implementation/
system.ngc" ...
Loading design module
"/home/jheckey/Dropbox/homework/ece253/spartan_tetris/tetris_cpu/implementation/
system_microblaze_0_wrapper.ngc"...
Loading design module
"/home/jheckey/Dropbox/homework/ece253/spartan_tetris/tetris_cpu/implementation/
system_mb_plb_wrapper.ngc"...
Loading design module
"/home/jheckey/Dropbox/homework/ece253/spartan_tetris/tetris_cpu/implementation/
system_ilmb_wrapper.ngc"...
Loading design module
"/home/jheckey/Dropbox/homework/ece253/spartan_tetris/tetris_cpu/implementation/
system_dlmb_wrapper.ngc"...
Loading design module
"/home/jheckey/Dropbox/homework/ece253/spartan_tetris/tetris_cpu/implementation/
system_dlmb_cntlr_wrapper.ngc"...
Loading design module
"/home/jheckey/Dropbox/homework/ece253/spartan_tetris/tetris_cpu/implementation/
system_ilmb_cntlr_wrapper.ngc"...
Loading design module
"/home/jheckey/Dropbox/homework/ece253/spartan_tetris/tetris_cpu/implementation/
system_lmb_bram_wrapper.ngc"...
Loading design module
"/home/jheckey/Dropbox/homework/ece253/spartan_tetris/tetris_cpu/implementation/
system_leds_8bit_wrapper.ngc"...
Loading design module
"/home/jheckey/Dropbox/homework/ece253/spartan_tetris/tetris_cpu/implementation/
system_dip_switches_4bit_wrapper.ngc"...
Loading design module
"/home/jheckey/Dropbox/homework/ece253/spartan_tetris/tetris_cpu/implementation/
system_xps_timer_0_wrapper.ngc"...
Loading design module
"/home/jheckey/Dropbox/homework/ece253/spartan_tetris/tetris_cpu/implementation/
system_clock_generator_0_wrapper.ngc"...
Loading design module
"/home/jheckey/Dropbox/homework/ece253/spartan_tetris/tetris_cpu/implementation/
system_mdm_0_wrapper.ngc"...
Loading design module
"/home/jheckey/Dropbox/homework/ece253/spartan_tetris/tetris_cpu/implementation/
system_proc_sys_reset_0_wrapper.ngc"...
Loading design module
"/home/jheckey/Dropbox/homework/ece253/spartan_tetris/tetris_cpu/implementation/
system_tetris_vga_0_wrapper.ngc"...
Loading design module
"/home/jheckey/Dropbox/homework/ece253/spartan_tetris/tetris_cpu/implementation/
system_xps_intc_0_wrapper.ngc"...
Gathering constraint information from source properties...
Done.

Annotating constraints to design from ucf file "system.ucf" ...
Resolving constraint associations...
Checking Constraint Associations...
INFO:ConstraintSystem:178 - TNM 'sys_clk_pin', used in period specification
   'TS_sys_clk_pin', was traced into DCM_SP instance
   clock_generator_0/DCM0_INST/Using_Virtex.DCM_INST. The following new TNM
   groups and period specifications were generated at the DCM_SP output(s): 
   CLK0: <TIMESPEC TS_clock_generator_0_clock_generator_0_SIG_DCM0_CLK0 = PERIOD
   "clock_generator_0_clock_generator_0_SIG_DCM0_CLK0" TS_sys_clk_pin HIGH 50%>

Done...

Processing BMM file "system.bmm" ...

Checking expanded design ...
WARNING:NgdBuild:443 - SFF primitive
   'xps_timer_0/xps_timer_0/TC_CORE_I/TIMER_CONTROL_I/TCSR0_GENERATE[0].TCSR0_FF
   _I' has unconnected output pin
WARNING:NgdBuild:443 - SFF primitive
   'xps_timer_0/xps_timer_0/TC_CORE_I/TIMER_CONTROL_I/TCSR0_GENERATE[1].TCSR0_FF
   _I' has unconnected output pin
WARNING:NgdBuild:443 - SFF primitive
   'xps_timer_0/xps_timer_0/TC_CORE_I/TIMER_CONTROL_I/TCSR0_GENERATE[2].TCSR0_FF
   _I' has unconnected output pin
WARNING:NgdBuild:443 - SFF primitive
   'xps_timer_0/xps_timer_0/TC_CORE_I/TIMER_CONTROL_I/TCSR0_GENERATE[3].TCSR0_FF
   _I' has unconnected output pin
WARNING:NgdBuild:443 - SFF primitive
   'xps_timer_0/xps_timer_0/TC_CORE_I/TIMER_CONTROL_I/TCSR0_GENERATE[4].TCSR0_FF
   _I' has unconnected output pin
WARNING:NgdBuild:443 - SFF primitive
   'xps_timer_0/xps_timer_0/TC_CORE_I/TIMER_CONTROL_I/TCSR0_GENERATE[5].TCSR0_FF
   _I' has unconnected output pin
WARNING:NgdBuild:443 - SFF primitive
   'xps_timer_0/xps_timer_0/TC_CORE_I/TIMER_CONTROL_I/TCSR0_GENERATE[6].TCSR0_FF
   _I' has unconnected output pin
WARNING:NgdBuild:443 - SFF primitive
   'xps_timer_0/xps_timer_0/TC_CORE_I/TIMER_CONTROL_I/TCSR0_GENERATE[7].TCSR0_FF
   _I' has unconnected output pin
WARNING:NgdBuild:443 - SFF primitive
   'xps_timer_0/xps_timer_0/TC_CORE_I/TIMER_CONTROL_I/TCSR0_GENERATE[8].TCSR0_FF
   _I' has unconnected output pin
WARNING:NgdBuild:443 - SFF primitive
   'xps_timer_0/xps_timer_0/TC_CORE_I/TIMER_CONTROL_I/TCSR0_GENERATE[9].TCSR0_FF
   _I' has unconnected output pin
WARNING:NgdBuild:443 - SFF primitive
   'xps_timer_0/xps_timer_0/TC_CORE_I/TIMER_CONTROL_I/TCSR0_GENERATE[10].TCSR0_F
   F_I' has unconnected output pin
WARNING:NgdBuild:443 - SFF primitive
   'xps_timer_0/xps_timer_0/TC_CORE_I/TIMER_CONTROL_I/TCSR0_GENERATE[11].TCSR0_F
   F_I' has unconnected output pin
WARNING:NgdBuild:443 - SFF primitive
   'xps_timer_0/xps_timer_0/TC_CORE_I/TIMER_CONTROL_I/TCSR0_GENERATE[12].TCSR0_F
   F_I' has unconnected output pin
WARNING:NgdBuild:443 - SFF primitive
   'xps_timer_0/xps_timer_0/TC_CORE_I/TIMER_CONTROL_I/TCSR0_GENERATE[13].TCSR0_F
   F_I' has unconnected output pin
WARNING:NgdBuild:443 - SFF primitive
   'xps_timer_0/xps_timer_0/TC_CORE_I/TIMER_CONTROL_I/TCSR0_GENERATE[14].TCSR0_F
   F_I' has unconnected output pin
WARNING:NgdBuild:443 - SFF primitive
   'xps_timer_0/xps_timer_0/TC_CORE_I/TIMER_CONTROL_I/TCSR0_GENERATE[15].TCSR0_F
   F_I' has unconnected output pin
WARNING:NgdBuild:443 - SFF primitive
   'xps_timer_0/xps_timer_0/TC_CORE_I/TIMER_CONTROL_I/TCSR0_GENERATE[16].TCSR0_F
   F_I' has unconnected output pin
WARNING:NgdBuild:443 - SFF primitive
   'xps_timer_0/xps_timer_0/TC_CORE_I/TIMER_CONTROL_I/TCSR0_GENERATE[17].TCSR0_F
   F_I' has unconnected output pin
WARNING:NgdBuild:443 - SFF primitive
   'xps_timer_0/xps_timer_0/TC_CORE_I/TIMER_CONTROL_I/TCSR0_GENERATE[18].TCSR0_F
   F_I' has unconnected output pin
WARNING:NgdBuild:443 - SFF primitive
   'xps_timer_0/xps_timer_0/TC_CORE_I/TIMER_CONTROL_I/TCSR0_GENERATE[19].TCSR0_F
   F_I' has unconnected output pin
WARNING:NgdBuild:443 - SFF primitive
   'xps_timer_0/xps_timer_0/TC_CORE_I/TIMER_CONTROL_I/TCSR0_GENERATE[20].TCSR0_F
   F_I' has unconnected output pin
WARNING:NgdBuild:443 - SFF primitive
   'xps_timer_0/xps_timer_0/TC_CORE_I/TIMER_CONTROL_I/TCSR1_GENERATE[0].TCSR1_FF
   _I' has unconnected output pin
WARNING:NgdBuild:443 - SFF primitive
   'xps_timer_0/xps_timer_0/TC_CORE_I/TIMER_CONTROL_I/TCSR1_GENERATE[1].TCSR1_FF
   _I' has unconnected output pin
WARNING:NgdBuild:443 - SFF primitive
   'xps_timer_0/xps_timer_0/TC_CORE_I/TIMER_CONTROL_I/TCSR1_GENERATE[2].TCSR1_FF
   _I' has unconnected output pin
WARNING:NgdBuild:443 - SFF primitive
   'xps_timer_0/xps_timer_0/TC_CORE_I/TIMER_CONTROL_I/TCSR1_GENERATE[3].TCSR1_FF
   _I' has unconnected output pin
WARNING:NgdBuild:443 - SFF primitive
   'xps_timer_0/xps_timer_0/TC_CORE_I/TIMER_CONTROL_I/TCSR1_GENERATE[4].TCSR1_FF
   _I' has unconnected output pin
WARNING:NgdBuild:443 - SFF primitive
   'xps_timer_0/xps_timer_0/TC_CORE_I/TIMER_CONTROL_I/TCSR1_GENERATE[5].TCSR1_FF
   _I' has unconnected output pin
WARNING:NgdBuild:443 - SFF primitive
   'xps_timer_0/xps_timer_0/TC_CORE_I/TIMER_CONTROL_I/TCSR1_GENERATE[6].TCSR1_FF
   _I' has unconnected output pin
WARNING:NgdBuild:443 - SFF primitive
   'xps_timer_0/xps_timer_0/TC_CORE_I/TIMER_CONTROL_I/TCSR1_GENERATE[7].TCSR1_FF
   _I' has unconnected output pin
WARNING:NgdBuild:443 - SFF primitive
   'xps_timer_0/xps_timer_0/TC_CORE_I/TIMER_CONTROL_I/TCSR1_GENERATE[8].TCSR1_FF
   _I' has unconnected output pin
WARNING:NgdBuild:443 - SFF primitive
   'xps_timer_0/xps_timer_0/TC_CORE_I/TIMER_CONTROL_I/TCSR1_GENERATE[9].TCSR1_FF
   _I' has unconnected output pin
WARNING:NgdBuild:443 - SFF primitive
   'xps_timer_0/xps_timer_0/TC_CORE_I/TIMER_CONTROL_I/TCSR1_GENERATE[10].TCSR1_F
   F_I' has unconnected output pin
WARNING:NgdBuild:443 - SFF primitive
   'xps_timer_0/xps_timer_0/TC_CORE_I/TIMER_CONTROL_I/TCSR1_GENERATE[11].TCSR1_F
   F_I' has unconnected output pin
WARNING:NgdBuild:443 - SFF primitive
   'xps_timer_0/xps_timer_0/TC_CORE_I/TIMER_CONTROL_I/TCSR1_GENERATE[12].TCSR1_F
   F_I' has unconnected output pin
WARNING:NgdBuild:443 - SFF primitive
   'xps_timer_0/xps_timer_0/TC_CORE_I/TIMER_CONTROL_I/TCSR1_GENERATE[13].TCSR1_F
   F_I' has unconnected output pin
WARNING:NgdBuild:443 - SFF primitive
   'xps_timer_0/xps_timer_0/TC_CORE_I/TIMER_CONTROL_I/TCSR1_GENERATE[14].TCSR1_F
   F_I' has unconnected output pin
WARNING:NgdBuild:443 - SFF primitive
   'xps_timer_0/xps_timer_0/TC_CORE_I/TIMER_CONTROL_I/TCSR1_GENERATE[15].TCSR1_F
   F_I' has unconnected output pin
WARNING:NgdBuild:443 - SFF primitive
   'xps_timer_0/xps_timer_0/TC_CORE_I/TIMER_CONTROL_I/TCSR1_GENERATE[16].TCSR1_F
   F_I' has unconnected output pin
WARNING:NgdBuild:443 - SFF primitive
   'xps_timer_0/xps_timer_0/TC_CORE_I/TIMER_CONTROL_I/TCSR1_GENERATE[17].TCSR1_F
   F_I' has unconnected output pin
WARNING:NgdBuild:443 - SFF primitive
   'xps_timer_0/xps_timer_0/TC_CORE_I/TIMER_CONTROL_I/TCSR1_GENERATE[18].TCSR1_F
   F_I' has unconnected output pin
WARNING:NgdBuild:443 - SFF primitive
   'xps_timer_0/xps_timer_0/TC_CORE_I/TIMER_CONTROL_I/TCSR1_GENERATE[19].TCSR1_F
   F_I' has unconnected output pin
WARNING:NgdBuild:443 - SFF primitive
   'xps_timer_0/xps_timer_0/TC_CORE_I/TIMER_CONTROL_I/TCSR1_GENERATE[20].TCSR1_F
   F_I' has unconnected output pin

Partition Implementation Status
-------------------------------

  No Partitions were found in this design.

-------------------------------

NGDBUILD Design Results Summary:
  Number of errors:     0
  Number of warnings:  42

Writing NGD file "system.ngd" ...
Total REAL time to NGDBUILD completion:  16 sec
Total CPU time to NGDBUILD completion:   16 sec

Writing NGDBUILD log file "system.bld"...

NGDBUILD done.



#----------------------------------------------#
# Starting program map
# map -o system_map.ncd -pr b -ol high -timing -detail system.ngd system.pcf 
#----------------------------------------------#
Release 14.3 - Map P.40xd (lin64)
Copyright (c) 1995-2012 Xilinx, Inc.  All rights reserved.
PMSPEC -- Overriding Xilinx file
</opt/Xilinx/14.3/ISE_DS/EDK/data/Xdh_PrimTypeLib.xda> with local file
</opt/Xilinx/14.3/ISE_DS/ISE/data/Xdh_PrimTypeLib.xda>
Using target part "3s500efg320-4".
Mapping design into LUTs...
Writing file system_map.ngm...
Running directed packing...
Running delay-based LUT packing...
Updating timing models...
Running timing-driven placement...
Total REAL time at the beginning of Placer: 10 secs 
Total CPU  time at the beginning of Placer: 10 secs 

Phase 1.1  Initial Placement Analysis
Phase 1.1  Initial Placement Analysis (Checksum:b7b59db7) REAL time: 11 secs 

Phase 2.7  Design Feasibility Check
Phase 2.7  Design Feasibility Check (Checksum:b7b59db7) REAL time: 11 secs 

Phase 3.31  Local Placement Optimization
Phase 3.31  Local Placement Optimization (Checksum:436a0dfc) REAL time: 11 secs 

Phase 4.2  Initial Clock and IO Placement

Phase 4.2  Initial Clock and IO Placement (Checksum:e8080173) REAL time: 13 secs 

Phase 5.30  Global Clock Region Assignment
Phase 5.30  Global Clock Region Assignment (Checksum:e8080173) REAL time: 13 secs 

Phase 6.36  Local Placement Optimization
Phase 6.36  Local Placement Optimization (Checksum:e8080173) REAL time: 13 secs 

Phase 7.8  Global Placement
..........................
..................................................................................................................................
....
..................
Phase 7.8  Global Placement (Checksum:36d16a5a) REAL time: 24 secs 

Phase 8.5  Local Placement Optimization
Phase 8.5  Local Placement Optimization (Checksum:36d16a5a) REAL time: 24 secs 

Phase 9.18  Placement Optimization
Phase 9.18  Placement Optimization (Checksum:28ff5830) REAL time: 39 secs 

Phase 10.5  Local Placement Optimization
Phase 10.5  Local Placement Optimization (Checksum:28ff5830) REAL time: 39 secs 

Total REAL time to Placer completion: 39 secs 
Total CPU  time to Placer completion: 39 secs 
Running post-placement packing...

Design Summary:
Number of errors:      0
Number of warnings:    2
Logic Utilization:
  Number of Slice Flip Flops:         3,879 out of   9,312   41%
  Number of 4 input LUTs:             5,992 out of   9,312   64%
Logic Distribution:
  Number of occupied Slices:          4,097 out of   4,656   87%
    Number of Slices containing only related logic:   4,097 out of   4,097 100%
    Number of Slices containing unrelated logic:          0 out of   4,097   0%
      *See NOTES below for an explanation of the effects of unrelated logic.
  Total Number of 4 input LUTs:       6,190 out of   9,312   66%
    Number used as logic:             5,613
    Number used as a route-thru:        198
    Number used for Dual Port RAMs:     256
      (Two LUTs used per Dual Port RAM)
    Number used as Shift registers:     123

  The Slice Logic Distribution report is not meaningful if the design is
  over-mapped for a non-slice resource or if Placement fails.

  Number of bonded IOBs:                 19 out of     232    8%
    IOB Flip Flops:                      10
  Number of RAMB16s:                     16 out of      20   80%
  Number of BUFGMUXs:                     2 out of      24    8%
  Number of DCMs:                         1 out of       4   25%
  Number of BSCANs:                       1 out of       1  100%
  Number of MULT18X18SIOs:                3 out of      20   15%

Average Fanout of Non-Clock Nets:                3.87

Peak Memory Usage:  805 MB
Total REAL time to MAP completion:  43 secs 
Total CPU time to MAP completion:   42 secs 

Mapping completed.
See MAP report file "system_map.mrp" for details.



#----------------------------------------------#
# Starting program par
# par -w -ol high system_map.ncd system.ncd system.pcf 
#----------------------------------------------#
Release 14.3 - par P.40xd (lin64)
Copyright (c) 1995-2012 Xilinx, Inc.  All rights reserved.
PMSPEC -- Overriding Xilinx file </opt/Xilinx/14.3/ISE_DS/EDK/data/parBmgr.acd> with local file
</opt/Xilinx/14.3/ISE_DS/ISE/data/parBmgr.acd>



Constraints file: system.pcf.
Loading device for application Rf_Device from file '3s500e.nph' in environment
/opt/Xilinx/14.3/ISE_DS/ISE/:/opt/Xilinx/14.3/ISE_DS/EDK.
   "system" is an NCD, version 3.2, device xc3s500e, package fg320, speed -4

Initializing temperature to 85.000 Celsius. (default - Range: -40.000 to 100.000 Celsius)
Initializing voltage to 1.140 Volts. (default - Range: 1.140 to 1.320 Volts)


Device speed data version:  "PRODUCTION 1.27 2012-10-12".



Design Summary Report:

 Number of External IOBs                          19 out of 232     8%

   Number of External Input IOBs                  6

      Number of External Input IBUFs              6
        Number of LOCed External Input IBUFs      6 out of 6     100%


   Number of External Output IOBs                13

      Number of External Output IOBs             13
        Number of LOCed External Output IOBs     13 out of 13    100%


   Number of External Bidir IOBs                  0


   Number of BSCANs                          1 out of 1     100%
   Number of BUFGMUXs                        2 out of 24      8%
   Number of DCMs                            1 out of 4      25%
   Number of MULT18X18SIOs                   3 out of 20     15%
   Number of RAMB16s                        16 out of 20     80%
   Number of Slices                       4097 out of 4656   87%
      Number of SLICEMs                    202 out of 2328    8%



Overall effort level (-ol):   High 
Router effort level (-rl):    High 

Starting initial Timing Analysis.  REAL time: 5 secs 
Finished initial Timing Analysis.  REAL time: 5 secs 

WARNING:Par:288 - The signal dlmb_LMB_ABus<30> has no load.  PAR will not attempt to route this signal.
WARNING:Par:288 - The signal dlmb_LMB_ABus<31> has no load.  PAR will not attempt to route this signal.
Starting Router


Phase  1  : 34978 unrouted;      REAL time: 8 secs 

Phase  2  : 31315 unrouted;      REAL time: 8 secs 

Phase  3  : 13465 unrouted;      REAL time: 11 secs 

Phase  4  : 13465 unrouted; (Setup:0, Hold:0, Component Switching Limit:0)     REAL time: 12 secs 

Phase  5  : 0 unrouted; (Setup:0, Hold:0, Component Switching Limit:0)     REAL time: 22 secs 

Updating file: system.ncd with current fully routed design.

Phase  6  : 0 unrouted; (Setup:0, Hold:0, Component Switching Limit:0)     REAL time: 26 secs 

Phase  7  : 0 unrouted; (Setup:0, Hold:0, Component Switching Limit:0)     REAL time: 26 secs 

Phase  8  : 0 unrouted; (Setup:0, Hold:0, Component Switching Limit:0)     REAL time: 28 secs 
WARNING:Route:455 - CLK Net:mdm_0/Dbg_Update_1 may have excessive skew because 
      4 CLK pins and 0 NON_CLK pins failed to route using a CLK template.
WARNING:Route:455 - CLK Net:fpga_0_clk_1_sys_clk_pin_IBUFG may have excessive skew because 
      1 CLK pins and 0 NON_CLK pins failed to route using a CLK template.

Total REAL time to Router completion: 28 secs 
Total CPU time to Router completion: 28 secs 

Partition Implementation Status
-------------------------------

  No Partitions were found in this design.

-------------------------------

Generating "PAR" statistics.

**************************
Generating Clock Report
**************************

+---------------------+--------------+------+------+------------+-------------+
|        Clock Net    |   Resource   |Locked|Fanout|Net Skew(ns)|Max Delay(ns)|
+---------------------+--------------+------+------+------------+-------------+
|      clk_50_0000MHz | BUFGMUX_X1Y10| No   | 3102 |  0.087     |  0.204      |
+---------------------+--------------+------+------+------------+-------------+
|     mdm_0/Dbg_Clk_1 |  BUFGMUX_X1Y0| No   |  145 |  0.071     |  0.189      |
+---------------------+--------------+------+------+------------+-------------+
|      xps_intc_0_Irq |         Local|      |    1 |  0.000     |  1.262      |
+---------------------+--------------+------+------+------------+-------------+
|  mdm_0/Dbg_Update_1 |         Local|      |   29 |  1.914     |  3.876      |
+---------------------+--------------+------+------+------------+-------------+
|xps_timer_0_Interrup |              |      |      |            |             |
|                   t |         Local|      |    1 |  0.000     |  1.483      |
+---------------------+--------------+------+------+------------+-------------+
|fpga_0_clk_1_sys_clk |              |      |      |            |             |
|          _pin_IBUFG |         Local|      |    5 |  0.010     |  2.185      |
+---------------------+--------------+------+------+------------+-------------+

* Net Skew is the difference between the minimum and maximum routing
only delays for the net. Note this is different from Clock Skew which
is reported in TRCE timing report. Clock Skew is the difference between
the minimum and maximum path delays which includes logic delays.

* The fanout is the number of component pins not the individual BEL loads,
for example SLICE loads not FF loads.

Timing Score: 0 (Setup: 0, Hold: 0, Component Switching Limit: 0)

Asterisk (*) preceding a constraint indicates it was not met.
   This may be due to a setup or hold violation.

----------------------------------------------------------------------------------------------------------
  Constraint                                |    Check    | Worst Case |  Best Case | Timing |   Timing   
                                            |             |    Slack   | Achievable | Errors |    Score   
----------------------------------------------------------------------------------------------------------
  TS_clock_generator_0_clock_generator_0_SI | SETUP       |     0.414ns|    19.586ns|       0|           0
  G_DCM0_CLK0 = PERIOD TIMEGRP         "clo | HOLD        |     0.756ns|            |       0|           0
  ck_generator_0_clock_generator_0_SIG_DCM0 |             |            |            |        |            
  _CLK0" TS_sys_clk_pin         HIGH 50%    |             |            |            |        |            
----------------------------------------------------------------------------------------------------------
  TS_sys_clk_pin = PERIOD TIMEGRP "sys_clk_ | SETUP       |    18.011ns|     1.989ns|       0|           0
  pin" 50 MHz HIGH 50%                      | HOLD        |     1.000ns|            |       0|           0
                                            | MINLOWPULSE |    14.000ns|     6.000ns|       0|           0
----------------------------------------------------------------------------------------------------------


Derived Constraint Report
Review Timing Report for more details on the following derived constraints.
To create a Timing Report, run "trce -v 12 -fastpaths -o design_timing_report design.ncd design.pcf"
or "Run Timing Analysis" from Timing Analyzer (timingan).
Derived Constraints for TS_sys_clk_pin
+-------------------------------+-------------+-------------+-------------+-------------+-------------+-------------+-------------+
|                               |   Period    |       Actual Period       |      Timing Errors        |      Paths Analyzed       |
|           Constraint          | Requirement |-------------+-------------|-------------+-------------|-------------+-------------|
|                               |             |   Direct    | Derivative  |   Direct    | Derivative  |   Direct    | Derivative  |
+-------------------------------+-------------+-------------+-------------+-------------+-------------+-------------+-------------+
|TS_sys_clk_pin                 |     20.000ns|      6.000ns|     19.586ns|            0|            0|            3|       459671|
| TS_clock_generator_0_clock_gen|     20.000ns|     19.586ns|          N/A|            0|            0|       459671|            0|
| erator_0_SIG_DCM0_CLK0        |             |             |             |             |             |             |             |
+-------------------------------+-------------+-------------+-------------+-------------+-------------+-------------+-------------+

All constraints were met.


Generating Pad Report.

All signals are completely routed.

WARNING:Par:283 - There are 2 loadless signals in this design. This design will cause Bitgen to issue DRC warnings.

Total REAL time to PAR completion: 30 secs 
Total CPU time to PAR completion: 30 secs 

Peak Memory Usage:  618 MB

Placer: Placement generated during map.
Routing: Completed - No errors found.
Timing: Completed - No errors found.

Number of error messages: 0
Number of warning messages: 6
Number of info messages: 0

Writing design to file system.ncd



PAR done!



#----------------------------------------------#
# Starting program post_par_trce
# trce -e 3 -xml system.twx system.ncd system.pcf 
#----------------------------------------------#
Release 14.3 - Trace  (lin64)
Copyright (c) 1995-2012 Xilinx, Inc.  All rights reserved.


PMSPEC -- Overriding Xilinx file
</opt/Xilinx/14.3/ISE_DS/EDK/spartan3e/data/spartan3e.acd> with local file
</opt/Xilinx/14.3/ISE_DS/ISE/spartan3e/data/spartan3e.acd>
Loading device for application Rf_Device from file '3s500e.nph' in environment
/opt/Xilinx/14.3/ISE_DS/ISE/:/opt/Xilinx/14.3/ISE_DS/EDK.
   "system" is an NCD, version 3.2, device xc3s500e, package fg320, speed -4
--------------------------------------------------------------------------------
Release 14.3 Trace  (lin64)
Copyright (c) 1995-2012 Xilinx, Inc.  All rights reserved.

/opt/Xilinx/14.3/ISE_DS/ISE/bin/lin64/unwrapped/trce -e 3 -xml system.twx
system.ncd system.pcf


Design file:              system.ncd
Physical constraint file: system.pcf
Device,speed:             xc3s500e,-4 (PRODUCTION 1.27 2012-10-12)
Report level:             error report
--------------------------------------------------------------------------------

INFO:Timing:3412 - To improve timing, see the Timing Closure User Guide (UG612).
INFO:Timing:2752 - To get complete path coverage, use the unconstrained paths
   option. All paths that are not constrained will be reported in the
   unconstrained paths section(s) of the report.
INFO:Timing:3339 - The clock-to-out numbers in this timing report are based on a
   50 Ohm transmission line loading model.  For the details of this model, and
   for more information on accounting for different loading conditions, please
   see the device datasheet.
INFO:Timing:3390 - This architecture does not support a default System Jitter
   value, please add SYSTEM_JITTER constraint to the UCF to modify the Clock
   Uncertainty calculation.
INFO:Timing:3389 - This architecture does not support 'Discrete Jitter' and
   'Phase Error' calculations, these terms will be zero in the Clock Uncertainty
   calculation.  Please make appropriate modification to SYSTEM_JITTER to
   account for the unsupported Discrete Jitter and Phase Error.


Timing summary:
---------------

Timing errors: 0  Score: 0 (Setup/Max: 0, Hold: 0)

Constraints cover 459674 paths, 0 nets, and 33461 connections

Design statistics:
   Minimum period:  19.586ns (Maximum frequency:  51.057MHz)


Analysis completed Thu Nov 28 10:00:49 2013
--------------------------------------------------------------------------------

Generating Report ...

Number of warnings: 0
Number of info messages: 5
Total time: 6 secs 


